This file contains any messages produced by compilers while
running configure, to aid debugging if configure makes a mistake.

It was created by Pipelines configure 0.01, which was
generated by GNU Autoconf 2.69.  Invocation command line was

  $ ./configure 

## --------- ##
## Platform. ##
## --------- ##

hostname = Karthikeyans-MacBook-Air.local
uname -m = x86_64
uname -r = 15.4.0
uname -s = Darwin
uname -v = Darwin Kernel Version 15.4.0: Fri Feb 26 22:08:05 PST 2016; root:xnu-3248.40.184~3/RELEASE_X86_64

/usr/bin/uname -p = i386
/bin/uname -X     = unknown

/bin/arch              = unknown
/usr/bin/arch -k       = unknown
/usr/convex/getsysinfo = unknown
/usr/bin/hostinfo      = Mach kernel version:
	 Darwin Kernel Version 15.4.0: Fri Feb 26 22:08:05 PST 2016; root:xnu-3248.40.184~3/RELEASE_X86_64
Kernel configured for up to 4 processors.
2 processors are physically available.
4 processors are logically available.
Processor type: x86_64h (Intel x86-64h Haswell)
Processors active: 0 1 2 3
Primary memory available: 4.00 gigabytes
Default processor set: 213 tasks, 1341 threads, 4 processors
Load average: 1.42, Mach factor: 2.72
/bin/machine           = unknown
/usr/bin/oslevel       = unknown
/bin/universe          = unknown

PATH: /usr/local/bin
PATH: /usr/bin
PATH: /bin
PATH: /usr/sbin
PATH: /sbin
PATH: /Library/TeX/texbin


## ----------- ##
## Core tests. ##
## ----------- ##

configure:1836: checking for a BSD-compatible install
configure:1904: result: /usr/local/bin/ginstall -c
configure:1915: checking whether build environment is sane
configure:1970: result: yes
configure:2121: checking for a thread-safe mkdir -p
configure:2160: result: /usr/local/bin/gmkdir -p
configure:2167: checking for gawk
configure:2197: result: no
configure:2167: checking for mawk
configure:2197: result: no
configure:2167: checking for nawk
configure:2197: result: no
configure:2167: checking for awk
configure:2183: found /usr/bin/awk
configure:2194: result: awk
configure:2205: checking whether make sets $(MAKE)
configure:2227: result: yes
configure:2256: checking whether make supports nested variables
configure:2273: result: yes
configure:2468: checking for g++
configure:2484: found /usr/bin/g++
configure:2495: result: g++
configure:2522: checking for C++ compiler version
configure:2531: g++ --version >&5
Apple LLVM version 7.3.0 (clang-703.0.29)
Target: x86_64-apple-darwin15.4.0
Thread model: posix
InstalledDir: /Applications/Xcode.app/Contents/Developer/Toolchains/XcodeDefault.xctoolchain/usr/bin
Configured with: --prefix=/Applications/Xcode.app/Contents/Developer/usr --with-gxx-include-dir=/Applications/Xcode.app/Contents/Developer/Platforms/MacOSX.platform/Developer/SDKs/MacOSX10.11.sdk/usr/include/c++/4.2.1
configure:2542: $? = 0
configure:2531: g++ -v >&5
Configured with: --prefix=/Applications/Xcode.app/Contents/Developer/usr --with-gxx-include-dir=/Applications/Xcode.app/Contents/Developer/Platforms/MacOSX.platform/Developer/SDKs/MacOSX10.11.sdk/usr/include/c++/4.2.1
Apple LLVM version 7.3.0 (clang-703.0.29)
Target: x86_64-apple-darwin15.4.0
Thread model: posix
InstalledDir: /Applications/Xcode.app/Contents/Developer/Toolchains/XcodeDefault.xctoolchain/usr/bin
configure:2542: $? = 0
configure:2531: g++ -V >&5
clang: error: argument to '-V' is missing (expected 1 value)
clang: error: no input files
configure:2542: $? = 1
configure:2531: g++ -qversion >&5
clang: error: unknown argument: '-qversion'
clang: error: no input files
configure:2542: $? = 1
configure:2562: checking whether the C++ compiler works
configure:2584: g++    conftest.cpp  >&5
configure:2588: $? = 0
configure:2636: result: yes
configure:2639: checking for C++ compiler default output file name
configure:2641: result: a.out
configure:2647: checking for suffix of executables
configure:2654: g++ -o conftest    conftest.cpp  >&5
configure:2658: $? = 0
configure:2680: result: 
configure:2702: checking whether we are cross compiling
configure:2710: g++ -o conftest    conftest.cpp  >&5
configure:2714: $? = 0
configure:2721: ./conftest
configure:2725: $? = 0
configure:2740: result: no
configure:2745: checking for suffix of object files
configure:2767: g++ -c   conftest.cpp >&5
configure:2771: $? = 0
configure:2792: result: o
configure:2796: checking whether we are using the GNU C++ compiler
configure:2815: g++ -c   conftest.cpp >&5
configure:2815: $? = 0
configure:2824: result: yes
configure:2833: checking whether g++ accepts -g
configure:2853: g++ -c -g  conftest.cpp >&5
configure:2853: $? = 0
configure:2894: result: yes
configure:2928: checking for style of include used by make
configure:2956: result: GNU
configure:2982: checking dependency style of g++
configure:3093: result: gcc3
configure:3151: checking for ranlib
configure:3167: found /usr/bin/ranlib
configure:3178: result: ranlib
configure:3326: checking that generated files are newer than configure
configure:3332: result: done
configure:3355: creating ./config.status

## ---------------------- ##
## Running config.status. ##
## ---------------------- ##

This file was extended by Pipelines config.status 0.01, which was
generated by GNU Autoconf 2.69.  Invocation command line was

  CONFIG_FILES    = 
  CONFIG_HEADERS  = 
  CONFIG_LINKS    = 
  CONFIG_COMMANDS = 
  $ ./config.status 

on Karthikeyans-MacBook-Air.local

config.status:844: creating Makefile
config.status:844: creating src/Makefile
config.status:844: creating examples/Makefile
config.status:844: creating config.h
config.status:1073: executing depfiles commands

## ---------------- ##
## Cache variables. ##
## ---------------- ##

ac_cv_cxx_compiler_gnu=yes
ac_cv_env_CCC_set=
ac_cv_env_CCC_value=
ac_cv_env_CPPFLAGS_set=
ac_cv_env_CPPFLAGS_value=
ac_cv_env_CXXFLAGS_set=
ac_cv_env_CXXFLAGS_value=
ac_cv_env_CXX_set=
ac_cv_env_CXX_value=
ac_cv_env_LDFLAGS_set=
ac_cv_env_LDFLAGS_value=
ac_cv_env_LIBS_set=
ac_cv_env_LIBS_value=
ac_cv_env_build_alias_set=
ac_cv_env_build_alias_value=
ac_cv_env_host_alias_set=
ac_cv_env_host_alias_value=
ac_cv_env_target_alias_set=
ac_cv_env_target_alias_value=
ac_cv_objext=o
ac_cv_path_install='/usr/local/bin/ginstall -c'
ac_cv_path_mkdir=/usr/local/bin/gmkdir
ac_cv_prog_AWK=awk
ac_cv_prog_ac_ct_CXX=g++
ac_cv_prog_ac_ct_RANLIB=ranlib
ac_cv_prog_cxx_g=yes
ac_cv_prog_make_make_set=yes
am_cv_CXX_dependencies_compiler_type=gcc3
am_cv_make_support_nested_variables=yes

## ----------------- ##
## Output variables. ##
## ----------------- ##

ACLOCAL='${SHELL} /Users/vbk/Downloads/Pipelines/missing aclocal-1.15'
AMDEPBACKSLASH='\'
AMDEP_FALSE='#'
AMDEP_TRUE=''
AMTAR='$${TAR-tar}'
AM_BACKSLASH='\'
AM_DEFAULT_V='$(AM_DEFAULT_VERBOSITY)'
AM_DEFAULT_VERBOSITY='1'
AM_V='$(V)'
AUTOCONF='${SHELL} /Users/vbk/Downloads/Pipelines/missing autoconf'
AUTOHEADER='${SHELL} /Users/vbk/Downloads/Pipelines/missing autoheader'
AUTOMAKE='${SHELL} /Users/vbk/Downloads/Pipelines/missing automake-1.15'
AWK='awk'
CPPFLAGS=''
CXX11_FLAGS='-std=c++11 -pthread'
CXX='g++'
CXXDEPMODE='depmode=gcc3'
CXXFLAGS='-g -O2'
CYGPATH_W='echo'
DEFS='-DHAVE_CONFIG_H'
DEPDIR='.deps'
ECHO_C='\c'
ECHO_N=''
ECHO_T=''
EXEEXT=''
INSTALL_DATA='${INSTALL} -m 644'
INSTALL_PROGRAM='${INSTALL}'
INSTALL_SCRIPT='${INSTALL}'
INSTALL_STRIP_PROGRAM='$(install_sh) -c -s'
LDFLAGS=''
LIBOBJS=''
LIBS=''
LTLIBOBJS=''
MAKEINFO='${SHELL} /Users/vbk/Downloads/Pipelines/missing makeinfo'
MKDIR_P='/usr/local/bin/gmkdir -p'
NEEDED_CXXFLAGS='-Wall -pedantic -Wextra -Weffc++ -Werror'
OBJEXT='o'
PACKAGE='pipelines'
PACKAGE_BUGREPORT='rbhalerao@eng.ucsd.edu'
PACKAGE_NAME='Pipelines'
PACKAGE_STRING='Pipelines 0.01'
PACKAGE_TARNAME='pipelines'
PACKAGE_URL=''
PACKAGE_VERSION='0.01'
PATH_SEPARATOR=':'
RANLIB='ranlib'
SET_MAKE=''
SHELL='/bin/sh'
STRIP=''
VERSION='0.01'
ac_ct_CXX='g++'
am__EXEEXT_FALSE=''
am__EXEEXT_TRUE='#'
am__fastdepCXX_FALSE='#'
am__fastdepCXX_TRUE=''
am__include='include'
am__isrc=''
am__leading_dot='.'
am__nodep='_no'
am__quote=''
am__tar='$${TAR-tar} chof - "$$tardir"'
am__untar='$${TAR-tar} xf -'
bindir='${exec_prefix}/bin'
build_alias=''
datadir='${datarootdir}'
datarootdir='${prefix}/share'
docdir='${datarootdir}/doc/${PACKAGE_TARNAME}'
dvidir='${docdir}'
exec_prefix='${prefix}'
host_alias=''
htmldir='${docdir}'
includedir='${prefix}/include'
infodir='${datarootdir}/info'
install_sh='${SHELL} /Users/vbk/Downloads/Pipelines/install-sh'
libdir='${exec_prefix}/lib'
libexecdir='${exec_prefix}/libexec'
localedir='${datarootdir}/locale'
localstatedir='${prefix}/var'
mandir='${datarootdir}/man'
mkdir_p='$(MKDIR_P)'
oldincludedir='/usr/include'
pdfdir='${docdir}'
prefix='/usr/local'
program_transform_name='s,x,x,'
psdir='${docdir}'
sbindir='${exec_prefix}/sbin'
sharedstatedir='${prefix}/com'
sysconfdir='${prefix}/etc'
target_alias=''

## ----------- ##
## confdefs.h. ##
## ----------- ##

/* confdefs.h */
#define PACKAGE_NAME "Pipelines"
#define PACKAGE_TARNAME "pipelines"
#define PACKAGE_VERSION "0.01"
#define PACKAGE_STRING "Pipelines 0.01"
#define PACKAGE_BUGREPORT "rbhalerao@eng.ucsd.edu"
#define PACKAGE_URL ""
#define PACKAGE "pipelines"
#define VERSION "0.01"

configure: exit 0
